Analysis & Synthesis report for Laboratorio08_2
Wed May 16 19:22:36 2018
Quartus II 64-Bit Version 13.0.1 Build 232 06/12/2013 Service Pack 1 SJ Web Edition


---------------------
; Table of Contents ;
---------------------
  1. Legal Notice
  2. Analysis & Synthesis Summary
  3. Analysis & Synthesis Settings
  4. Parallel Compilation
  5. Analysis & Synthesis Source Files Read
  6. Analysis & Synthesis Resource Usage Summary
  7. Analysis & Synthesis Resource Utilization by Entity
  8. Registers Removed During Synthesis
  9. General Register Statistics
 10. Multiplexer Restructuring Statistics (Restructuring Performed)
 11. Parameter Settings for User Entity Instance: Top-level Entity: |Laboratorio08_2
 12. Parameter Settings for User Entity Instance: debouncer:btnInput
 13. Parameter Settings for User Entity Instance: debouncer:btnStartGame
 14. Parameter Settings for User Entity Instance: HexToSSD:num2dispPoints
 15. Parameter Settings for User Entity Instance: HexToSSD:num2dispRandomNumber
 16. Parameter Settings for Inferred Entity Instance: HexToSSD:num2dispPoints|lpm_divide:Mod0
 17. Elapsed Time Per Partition
 18. Analysis & Synthesis Messages



----------------
; Legal Notice ;
----------------
Copyright (C) 1991-2013 Altera Corporation
Your use of Altera Corporation's design tools, logic functions 
and other software and tools, and its AMPP partner logic 
functions, and any output files from any of the foregoing 
(including device programming or simulation files), and any 
associated documentation or information are expressly subject 
to the terms and conditions of the Altera Program License 
Subscription Agreement, Altera MegaCore Function License 
Agreement, or other applicable license agreement, including, 
without limitation, that your use is for the sole purpose of 
programming logic devices manufactured by Altera and sold by 
Altera or its authorized distributors.  Please refer to the 
applicable agreement for further details.



+--------------------------------------------------------------------------------------+
; Analysis & Synthesis Summary                                                         ;
+------------------------------------+-------------------------------------------------+
; Analysis & Synthesis Status        ; Successful - Wed May 16 19:22:36 2018           ;
; Quartus II 64-Bit Version          ; 13.0.1 Build 232 06/12/2013 SP 1 SJ Web Edition ;
; Revision Name                      ; Laboratorio08_2                                 ;
; Top-level Entity Name              ; Laboratorio08_2                                 ;
; Family                             ; Cyclone III                                     ;
; Total logic elements               ; 172                                             ;
;     Total combinational functions  ; 167                                             ;
;     Dedicated logic registers      ; 82                                              ;
; Total registers                    ; 82                                              ;
; Total pins                         ; 41                                              ;
; Total virtual pins                 ; 0                                               ;
; Total memory bits                  ; 0                                               ;
; Embedded Multiplier 9-bit elements ; 0                                               ;
; Total PLLs                         ; 0                                               ;
+------------------------------------+-------------------------------------------------+


+----------------------------------------------------------------------------------------------------------------------+
; Analysis & Synthesis Settings                                                                                        ;
+----------------------------------------------------------------------------+--------------------+--------------------+
; Option                                                                     ; Setting            ; Default Value      ;
+----------------------------------------------------------------------------+--------------------+--------------------+
; Device                                                                     ; EP3C16U484C6       ;                    ;
; Top-level entity name                                                      ; Laboratorio08_2    ; Laboratorio08_2    ;
; Family name                                                                ; Cyclone III        ; Cyclone IV GX      ;
; Use smart compilation                                                      ; Off                ; Off                ;
; Enable parallel Assembler and TimeQuest Timing Analyzer during compilation ; On                 ; On                 ;
; Enable compact report table                                                ; Off                ; Off                ;
; Restructure Multiplexers                                                   ; Auto               ; Auto               ;
; Create Debugging Nodes for IP Cores                                        ; Off                ; Off                ;
; Preserve fewer node names                                                  ; On                 ; On                 ;
; Disable OpenCore Plus hardware evaluation                                  ; Off                ; Off                ;
; Verilog Version                                                            ; Verilog_2001       ; Verilog_2001       ;
; VHDL Version                                                               ; VHDL_1993          ; VHDL_1993          ;
; State Machine Processing                                                   ; Auto               ; Auto               ;
; Safe State Machine                                                         ; Off                ; Off                ;
; Extract Verilog State Machines                                             ; On                 ; On                 ;
; Extract VHDL State Machines                                                ; On                 ; On                 ;
; Ignore Verilog initial constructs                                          ; Off                ; Off                ;
; Iteration limit for constant Verilog loops                                 ; 5000               ; 5000               ;
; Iteration limit for non-constant Verilog loops                             ; 250                ; 250                ;
; Add Pass-Through Logic to Inferred RAMs                                    ; On                 ; On                 ;
; Infer RAMs from Raw Logic                                                  ; On                 ; On                 ;
; Parallel Synthesis                                                         ; On                 ; On                 ;
; DSP Block Balancing                                                        ; Auto               ; Auto               ;
; NOT Gate Push-Back                                                         ; On                 ; On                 ;
; Power-Up Don't Care                                                        ; On                 ; On                 ;
; Remove Redundant Logic Cells                                               ; Off                ; Off                ;
; Remove Duplicate Registers                                                 ; On                 ; On                 ;
; Ignore CARRY Buffers                                                       ; Off                ; Off                ;
; Ignore CASCADE Buffers                                                     ; Off                ; Off                ;
; Ignore GLOBAL Buffers                                                      ; Off                ; Off                ;
; Ignore ROW GLOBAL Buffers                                                  ; Off                ; Off                ;
; Ignore LCELL Buffers                                                       ; Off                ; Off                ;
; Ignore SOFT Buffers                                                        ; On                 ; On                 ;
; Limit AHDL Integers to 32 Bits                                             ; Off                ; Off                ;
; Optimization Technique                                                     ; Balanced           ; Balanced           ;
; Carry Chain Length                                                         ; 70                 ; 70                 ;
; Auto Carry Chains                                                          ; On                 ; On                 ;
; Auto Open-Drain Pins                                                       ; On                 ; On                 ;
; Perform WYSIWYG Primitive Resynthesis                                      ; Off                ; Off                ;
; Auto ROM Replacement                                                       ; On                 ; On                 ;
; Auto RAM Replacement                                                       ; On                 ; On                 ;
; Auto DSP Block Replacement                                                 ; On                 ; On                 ;
; Auto Shift Register Replacement                                            ; Auto               ; Auto               ;
; Allow Shift Register Merging across Hierarchies                            ; Auto               ; Auto               ;
; Auto Clock Enable Replacement                                              ; On                 ; On                 ;
; Strict RAM Replacement                                                     ; Off                ; Off                ;
; Allow Synchronous Control Signals                                          ; On                 ; On                 ;
; Force Use of Synchronous Clear Signals                                     ; Off                ; Off                ;
; Auto RAM Block Balancing                                                   ; On                 ; On                 ;
; Auto RAM to Logic Cell Conversion                                          ; Off                ; Off                ;
; Auto Resource Sharing                                                      ; Off                ; Off                ;
; Allow Any RAM Size For Recognition                                         ; Off                ; Off                ;
; Allow Any ROM Size For Recognition                                         ; Off                ; Off                ;
; Allow Any Shift Register Size For Recognition                              ; Off                ; Off                ;
; Use LogicLock Constraints during Resource Balancing                        ; On                 ; On                 ;
; Ignore translate_off and synthesis_off directives                          ; Off                ; Off                ;
; Timing-Driven Synthesis                                                    ; On                 ; On                 ;
; Report Parameter Settings                                                  ; On                 ; On                 ;
; Report Source Assignments                                                  ; On                 ; On                 ;
; Report Connectivity Checks                                                 ; On                 ; On                 ;
; Ignore Maximum Fan-Out Assignments                                         ; Off                ; Off                ;
; Synchronization Register Chain Length                                      ; 2                  ; 2                  ;
; PowerPlay Power Optimization                                               ; Normal compilation ; Normal compilation ;
; HDL message level                                                          ; Level2             ; Level2             ;
; Suppress Register Optimization Related Messages                            ; Off                ; Off                ;
; Number of Removed Registers Reported in Synthesis Report                   ; 5000               ; 5000               ;
; Number of Swept Nodes Reported in Synthesis Report                         ; 5000               ; 5000               ;
; Number of Inverted Registers Reported in Synthesis Report                  ; 100                ; 100                ;
; Clock MUX Protection                                                       ; On                 ; On                 ;
; Auto Gated Clock Conversion                                                ; Off                ; Off                ;
; Block Design Naming                                                        ; Auto               ; Auto               ;
; SDC constraint protection                                                  ; Off                ; Off                ;
; Synthesis Effort                                                           ; Auto               ; Auto               ;
; Shift Register Replacement - Allow Asynchronous Clear Signal               ; On                 ; On                 ;
; Pre-Mapping Resynthesis Optimization                                       ; Off                ; Off                ;
; Analysis & Synthesis Message Level                                         ; Medium             ; Medium             ;
; Disable Register Merging Across Hierarchies                                ; Auto               ; Auto               ;
; Resource Aware Inference For Block RAM                                     ; On                 ; On                 ;
; Synthesis Seed                                                             ; 1                  ; 1                  ;
+----------------------------------------------------------------------------+--------------------+--------------------+


Parallel compilation was disabled, but you have multiple processors available. Enable parallel compilation to reduce compilation time.
+-------------------------------------+
; Parallel Compilation                ;
+----------------------------+--------+
; Processors                 ; Number ;
+----------------------------+--------+
; Number detected on machine ; 8      ;
; Maximum allowed            ; 1      ;
+----------------------------+--------+


+---------------------------------------------------------------------------------------------------------------------------------------------------------------------+
; Analysis & Synthesis Source Files Read                                                                                                                              ;
+----------------------------------+-----------------+------------------------------+-----------------------------------------------------------------------+---------+
; File Name with User-Entered Path ; Used in Netlist ; File Type                    ; File Name with Absolute Path                                          ; Library ;
+----------------------------------+-----------------+------------------------------+-----------------------------------------------------------------------+---------+
; ../share/HexToSSD/HexToSSD.vhd   ; yes             ; User VHDL File               ; C:/altera/13.0sp1/VHDL/share/HexToSSD/HexToSSD.vhd                    ;         ;
; ../share/debouncer/debouncer.vhd ; yes             ; User VHDL File               ; C:/altera/13.0sp1/VHDL/share/debouncer/debouncer.vhd                  ;         ;
; ../share/own_library.vhd         ; yes             ; User VHDL File               ; C:/altera/13.0sp1/VHDL/share/own_library.vhd                          ;         ;
; Laboratorio08_2.vhd              ; yes             ; User VHDL File               ; C:/altera/13.0sp1/VHDL/Laboratorio08_2/Laboratorio08_2.vhd            ;         ;
; lpm_divide.tdf                   ; yes             ; Megafunction                 ; c:/altera/13.0sp1/quartus/libraries/megafunctions/lpm_divide.tdf      ;         ;
; abs_divider.inc                  ; yes             ; Megafunction                 ; c:/altera/13.0sp1/quartus/libraries/megafunctions/abs_divider.inc     ;         ;
; sign_div_unsign.inc              ; yes             ; Megafunction                 ; c:/altera/13.0sp1/quartus/libraries/megafunctions/sign_div_unsign.inc ;         ;
; aglobal130.inc                   ; yes             ; Megafunction                 ; c:/altera/13.0sp1/quartus/libraries/megafunctions/aglobal130.inc      ;         ;
; db/lpm_divide_88m.tdf            ; yes             ; Auto-Generated Megafunction  ; C:/altera/13.0sp1/VHDL/Laboratorio08_2/db/lpm_divide_88m.tdf          ;         ;
; db/sign_div_unsign_7kh.tdf       ; yes             ; Auto-Generated Megafunction  ; C:/altera/13.0sp1/VHDL/Laboratorio08_2/db/sign_div_unsign_7kh.tdf     ;         ;
; db/alt_u_div_p2f.tdf             ; yes             ; Auto-Generated Megafunction  ; C:/altera/13.0sp1/VHDL/Laboratorio08_2/db/alt_u_div_p2f.tdf           ;         ;
; db/add_sub_unc.tdf               ; yes             ; Auto-Generated Megafunction  ; C:/altera/13.0sp1/VHDL/Laboratorio08_2/db/add_sub_unc.tdf             ;         ;
; db/add_sub_vnc.tdf               ; yes             ; Auto-Generated Megafunction  ; C:/altera/13.0sp1/VHDL/Laboratorio08_2/db/add_sub_vnc.tdf             ;         ;
+----------------------------------+-----------------+------------------------------+-----------------------------------------------------------------------+---------+


+---------------------------------------------------------+
; Analysis & Synthesis Resource Usage Summary             ;
+---------------------------------------------+-----------+
; Resource                                    ; Usage     ;
+---------------------------------------------+-----------+
; Estimated Total logic elements              ; 172       ;
;                                             ;           ;
; Total combinational functions               ; 167       ;
; Logic element usage by number of LUT inputs ;           ;
;     -- 4 input functions                    ; 85        ;
;     -- 3 input functions                    ; 13        ;
;     -- <=2 input functions                  ; 69        ;
;                                             ;           ;
; Logic elements by mode                      ;           ;
;     -- normal mode                          ; 103       ;
;     -- arithmetic mode                      ; 64        ;
;                                             ;           ;
; Total registers                             ; 82        ;
;     -- Dedicated logic registers            ; 82        ;
;     -- I/O registers                        ; 0         ;
;                                             ;           ;
; I/O pins                                    ; 41        ;
; Embedded Multiplier 9-bit elements          ; 0         ;
; Maximum fan-out node                        ; CLK~input ;
; Maximum fan-out                             ; 74        ;
; Total fan-out                               ; 739       ;
; Average fan-out                             ; 2.23      ;
+---------------------------------------------+-----------+


+----------------------------------------------------------------------------------------------------------------------------------------------------------------------------------------------------+
; Analysis & Synthesis Resource Utilization by Entity                                                                                                                                                ;
+------------------------------+-------------------+--------------+-------------+--------------+---------+-----------+------+--------------+------------------------------------------+--------------+
; Compilation Hierarchy Node   ; LC Combinationals ; LC Registers ; Memory Bits ; DSP Elements ; DSP 9x9 ; DSP 18x18 ; Pins ; Virtual Pins ; Full Hierarchy Name                      ; Library Name ;
+------------------------------+-------------------+--------------+-------------+--------------+---------+-----------+------+--------------+------------------------------------------+--------------+
; |Laboratorio08_2             ; 167 (74)          ; 82 (36)      ; 0           ; 0            ; 0       ; 0         ; 41   ; 0            ; |Laboratorio08_2                         ; work         ;
;    |HexToSSD:num2dispPoints| ; 7 (7)             ; 0 (0)        ; 0           ; 0            ; 0       ; 0         ; 0    ; 0            ; |Laboratorio08_2|HexToSSD:num2dispPoints ; work         ;
;    |debouncer:btnInput|      ; 43 (43)           ; 23 (23)      ; 0           ; 0            ; 0       ; 0         ; 0    ; 0            ; |Laboratorio08_2|debouncer:btnInput      ; work         ;
;    |debouncer:btnStartGame|  ; 43 (43)           ; 23 (23)      ; 0           ; 0            ; 0       ; 0         ; 0    ; 0            ; |Laboratorio08_2|debouncer:btnStartGame  ; work         ;
+------------------------------+-------------------+--------------+-------------+--------------+---------+-----------+------+--------------+------------------------------------------+--------------+
Note: For table entries with two numbers listed, the numbers in parentheses indicate the number of resources of the given type used by the specific entity alone. The numbers listed outside of parentheses indicate the total resources of the given type used by the specific entity and all of its sub-entities in the hierarchy.


+--------------------------------------------------------------------------------+
; Registers Removed During Synthesis                                             ;
+---------------------------------------+----------------------------------------+
; Register name                         ; Reason for Removal                     ;
+---------------------------------------+----------------------------------------+
; successHit                            ; Stuck at VCC due to stuck port data_in ;
; roundNumber[0..3]                     ; Stuck at GND due to stuck port clock   ;
; totalPoints[0]                        ; Merged with randomNumber[0]            ;
; Total Number of Removed Registers = 6 ;                                        ;
+---------------------------------------+----------------------------------------+


+------------------------------------------------------+
; General Register Statistics                          ;
+----------------------------------------------+-------+
; Statistic                                    ; Value ;
+----------------------------------------------+-------+
; Total registers                              ; 82    ;
; Number of registers using Synchronous Clear  ; 0     ;
; Number of registers using Synchronous Load   ; 0     ;
; Number of registers using Asynchronous Clear ; 2     ;
; Number of registers using Asynchronous Load  ; 0     ;
; Number of registers using Clock Enable       ; 3     ;
; Number of registers using Preset             ; 0     ;
+----------------------------------------------+-------+


+----------------------------------------------------------------------------------------------------------------------------------------------------------------------+
; Multiplexer Restructuring Statistics (Restructuring Performed)                                                                                                       ;
+--------------------+-----------+---------------+----------------------+------------------------+------------+--------------------------------------------------------+
; Multiplexer Inputs ; Bus Width ; Baseline Area ; Area if Restructured ; Saving if Restructured ; Registered ; Example Multiplexer Output                             ;
+--------------------+-----------+---------------+----------------------+------------------------+------------+--------------------------------------------------------+
; 3:1                ; 19 bits   ; 38 LEs        ; 19 LEs               ; 19 LEs                 ; Yes        ; |Laboratorio08_2|debouncer:btnStartGame|counter_out[2] ;
; 3:1                ; 19 bits   ; 38 LEs        ; 19 LEs               ; 19 LEs                 ; Yes        ; |Laboratorio08_2|debouncer:btnInput|counter_out[18]    ;
+--------------------+-----------+---------------+----------------------+------------------------+------------+--------------------------------------------------------+


+---------------------------------------------------------------------------------+
; Parameter Settings for User Entity Instance: Top-level Entity: |Laboratorio08_2 ;
+----------------+----------+-----------------------------------------------------+
; Parameter Name ; Value    ; Type                                                ;
+----------------+----------+-----------------------------------------------------+
; FCLK           ; 50000000 ; Signed Integer                                      ;
; NUM_LEDS       ; 10       ; Signed Integer                                      ;
; INIT_TIME_LED  ; 2000     ; Signed Integer                                      ;
; TIME_MS        ; 1        ; Signed Integer                                      ;
; MAX_POINTS     ; 5        ; Signed Integer                                      ;
+----------------+----------+-----------------------------------------------------+
Note: In order to hide this table in the UI and the text report file, please set the "Show Parameter Settings in Synthesis Report" option in "Analysis and Synthesis Settings -> More Settings" to "Off".


+-----------------------------------------------------------------+
; Parameter Settings for User Entity Instance: debouncer:btnInput ;
+----------------+-------+----------------------------------------+
; Parameter Name ; Value ; Type                                   ;
+----------------+-------+----------------------------------------+
; counter_size   ; 19    ; Signed Integer                         ;
+----------------+-------+----------------------------------------+
Note: In order to hide this table in the UI and the text report file, please set the "Show Parameter Settings in Synthesis Report" option in "Analysis and Synthesis Settings -> More Settings" to "Off".


+---------------------------------------------------------------------+
; Parameter Settings for User Entity Instance: debouncer:btnStartGame ;
+----------------+-------+--------------------------------------------+
; Parameter Name ; Value ; Type                                       ;
+----------------+-------+--------------------------------------------+
; counter_size   ; 19    ; Signed Integer                             ;
+----------------+-------+--------------------------------------------+
Note: In order to hide this table in the UI and the text report file, please set the "Show Parameter Settings in Synthesis Report" option in "Analysis and Synthesis Settings -> More Settings" to "Off".


+----------------------------------------------------------------------+
; Parameter Settings for User Entity Instance: HexToSSD:num2dispPoints ;
+----------------+-------+---------------------------------------------+
; Parameter Name ; Value ; Type                                        ;
+----------------+-------+---------------------------------------------+
; min_value      ; 0     ; Signed Integer                              ;
; max_value      ; 5     ; Signed Integer                              ;
; base_num       ; 10    ; Signed Integer                              ;
+----------------+-------+---------------------------------------------+
Note: In order to hide this table in the UI and the text report file, please set the "Show Parameter Settings in Synthesis Report" option in "Analysis and Synthesis Settings -> More Settings" to "Off".


+----------------------------------------------------------------------------+
; Parameter Settings for User Entity Instance: HexToSSD:num2dispRandomNumber ;
+----------------+-------+---------------------------------------------------+
; Parameter Name ; Value ; Type                                              ;
+----------------+-------+---------------------------------------------------+
; min_value      ; 0     ; Signed Integer                                    ;
; max_value      ; 9     ; Signed Integer                                    ;
; base_num       ; 10    ; Signed Integer                                    ;
+----------------+-------+---------------------------------------------------+
Note: In order to hide this table in the UI and the text report file, please set the "Show Parameter Settings in Synthesis Report" option in "Analysis and Synthesis Settings -> More Settings" to "Off".


+------------------------------------------------------------------------------------------+
; Parameter Settings for Inferred Entity Instance: HexToSSD:num2dispPoints|lpm_divide:Mod0 ;
+------------------------+----------------+------------------------------------------------+
; Parameter Name         ; Value          ; Type                                           ;
+------------------------+----------------+------------------------------------------------+
; LPM_WIDTHN             ; 3              ; Untyped                                        ;
; LPM_WIDTHD             ; 4              ; Untyped                                        ;
; LPM_NREPRESENTATION    ; UNSIGNED       ; Untyped                                        ;
; LPM_DREPRESENTATION    ; UNSIGNED       ; Untyped                                        ;
; LPM_PIPELINE           ; 0              ; Untyped                                        ;
; LPM_REMAINDERPOSITIVE  ; TRUE           ; Untyped                                        ;
; MAXIMIZE_SPEED         ; 5              ; Untyped                                        ;
; CBXI_PARAMETER         ; lpm_divide_88m ; Untyped                                        ;
; CARRY_CHAIN            ; MANUAL         ; Untyped                                        ;
; OPTIMIZE_FOR_SPEED     ; 5              ; Untyped                                        ;
; AUTO_CARRY_CHAINS      ; ON             ; AUTO_CARRY                                     ;
; IGNORE_CARRY_BUFFERS   ; OFF            ; IGNORE_CARRY                                   ;
; AUTO_CASCADE_CHAINS    ; ON             ; AUTO_CASCADE                                   ;
; IGNORE_CASCADE_BUFFERS ; OFF            ; IGNORE_CASCADE                                 ;
+------------------------+----------------+------------------------------------------------+
Note: In order to hide this table in the UI and the text report file, please set the "Show Parameter Settings in Synthesis Report" option in "Analysis and Synthesis Settings -> More Settings" to "Off".


+-------------------------------+
; Elapsed Time Per Partition    ;
+----------------+--------------+
; Partition Name ; Elapsed Time ;
+----------------+--------------+
; Top            ; 00:00:00     ;
+----------------+--------------+


+-------------------------------+
; Analysis & Synthesis Messages ;
+-------------------------------+
Info: *******************************************************************
Info: Running Quartus II 64-Bit Analysis & Synthesis
    Info: Version 13.0.1 Build 232 06/12/2013 Service Pack 1 SJ Web Edition
    Info: Processing started: Wed May 16 19:22:34 2018
Info: Command: quartus_map --read_settings_files=on --write_settings_files=off Laboratorio08_2 -c Laboratorio08_2
Warning (20028): Parallel compilation is not licensed and has been disabled
Info (12021): Found 2 design units, including 1 entities, in source file /altera/13.0sp1/vhdl/share/hextossd/hextossd.vhd
    Info (12022): Found design unit 1: HexToSSD-HexToSSD
    Info (12023): Found entity 1: HexToSSD
Info (12021): Found 2 design units, including 1 entities, in source file /altera/13.0sp1/vhdl/share/debouncer/debouncer.vhd
    Info (12022): Found design unit 1: debouncer-logic
    Info (12023): Found entity 1: debouncer
Info (12021): Found 1 design units, including 0 entities, in source file /altera/13.0sp1/vhdl/share/own_library.vhd
    Info (12022): Found design unit 1: own_library
Info (12021): Found 2 design units, including 1 entities, in source file laboratorio08_2.vhd
    Info (12022): Found design unit 1: Laboratorio08_2-Laboratorio08_2
    Info (12023): Found entity 1: Laboratorio08_2
Info (12127): Elaborating entity "Laboratorio08_2" for the top level hierarchy
Info (12128): Elaborating entity "debouncer" for hierarchy "debouncer:btnInput"
Info (12128): Elaborating entity "HexToSSD" for hierarchy "HexToSSD:num2dispPoints"
Info (12128): Elaborating entity "HexToSSD" for hierarchy "HexToSSD:num2dispRandomNumber"
Info (278001): Inferred 1 megafunctions from design logic
    Info (278004): Inferred divider/modulo megafunction ("lpm_divide") from the following logic: "HexToSSD:num2dispPoints|Mod0"
Info (12130): Elaborated megafunction instantiation "HexToSSD:num2dispPoints|lpm_divide:Mod0"
Info (12133): Instantiated megafunction "HexToSSD:num2dispPoints|lpm_divide:Mod0" with the following parameter:
    Info (12134): Parameter "LPM_WIDTHN" = "3"
    Info (12134): Parameter "LPM_WIDTHD" = "4"
    Info (12134): Parameter "LPM_NREPRESENTATION" = "UNSIGNED"
    Info (12134): Parameter "LPM_DREPRESENTATION" = "UNSIGNED"
Info (12021): Found 1 design units, including 1 entities, in source file db/lpm_divide_88m.tdf
    Info (12023): Found entity 1: lpm_divide_88m
Info (12021): Found 1 design units, including 1 entities, in source file db/sign_div_unsign_7kh.tdf
    Info (12023): Found entity 1: sign_div_unsign_7kh
Info (12021): Found 1 design units, including 1 entities, in source file db/alt_u_div_p2f.tdf
    Info (12023): Found entity 1: alt_u_div_p2f
Info (12021): Found 1 design units, including 1 entities, in source file db/add_sub_unc.tdf
    Info (12023): Found entity 1: add_sub_unc
Info (12021): Found 1 design units, including 1 entities, in source file db/add_sub_vnc.tdf
    Info (12023): Found entity 1: add_sub_vnc
Warning (13024): Output pins are stuck at VCC or GND
    Warning (13410): Pin "SSDS_POINTS[1][0]" is stuck at VCC
    Warning (13410): Pin "SSDS_POINTS[1][1]" is stuck at VCC
    Warning (13410): Pin "SSDS_POINTS[1][2]" is stuck at VCC
    Warning (13410): Pin "SSDS_POINTS[1][3]" is stuck at VCC
    Warning (13410): Pin "SSDS_POINTS[1][4]" is stuck at VCC
    Warning (13410): Pin "SSDS_POINTS[1][5]" is stuck at VCC
    Warning (13410): Pin "SSDS_POINTS[1][6]" is stuck at VCC
    Warning (13410): Pin "SSD_RANDOM_POSITION[0][0]" is stuck at GND
    Warning (13410): Pin "SSD_RANDOM_POSITION[0][1]" is stuck at GND
    Warning (13410): Pin "SSD_RANDOM_POSITION[0][2]" is stuck at GND
    Warning (13410): Pin "SSD_RANDOM_POSITION[0][3]" is stuck at GND
    Warning (13410): Pin "SSD_RANDOM_POSITION[0][4]" is stuck at GND
    Warning (13410): Pin "SSD_RANDOM_POSITION[0][5]" is stuck at GND
    Warning (13410): Pin "SSD_RANDOM_POSITION[0][6]" is stuck at VCC
    Warning (13410): Pin "SSD_RANDOM_POSITION[1][0]" is stuck at VCC
    Warning (13410): Pin "SSD_RANDOM_POSITION[1][1]" is stuck at VCC
    Warning (13410): Pin "SSD_RANDOM_POSITION[1][2]" is stuck at VCC
    Warning (13410): Pin "SSD_RANDOM_POSITION[1][3]" is stuck at VCC
    Warning (13410): Pin "SSD_RANDOM_POSITION[1][4]" is stuck at VCC
    Warning (13410): Pin "SSD_RANDOM_POSITION[1][5]" is stuck at VCC
    Warning (13410): Pin "SSD_RANDOM_POSITION[1][6]" is stuck at VCC
Info (286030): Timing-Driven Synthesis is running
Info (16010): Generating hard_block partition "hard_block:auto_generated_inst"
    Info (16011): Adding 0 node(s), including 0 DDIO, 0 PLL, 0 transceiver and 0 LCELL
Info (21057): Implemented 221 device resources after synthesis - the final resource count might be different
    Info (21058): Implemented 3 input pins
    Info (21059): Implemented 38 output pins
    Info (21061): Implemented 180 logic cells
Info: Quartus II 64-Bit Analysis & Synthesis was successful. 0 errors, 23 warnings
    Info: Peak virtual memory: 543 megabytes
    Info: Processing ended: Wed May 16 19:22:36 2018
    Info: Elapsed time: 00:00:02
    Info: Total CPU time (on all processors): 00:00:02


