Analysis & Synthesis report for Laboratorio_05_2
Wed Apr 11 01:44:52 2018
Quartus II 32-bit Version 13.0.1 Build 232 06/12/2013 Service Pack 1 SJ Web Edition


---------------------
; Table of Contents ;
---------------------
  1. Legal Notice
  2. Analysis & Synthesis Summary
  3. Analysis & Synthesis Settings
  4. Parallel Compilation
  5. Analysis & Synthesis Source Files Read
  6. Analysis & Synthesis Resource Usage Summary
  7. Analysis & Synthesis Resource Utilization by Entity
  8. General Register Statistics
  9. Multiplexer Restructuring Statistics (Restructuring Performed)
 10. Parameter Settings for User Entity Instance: Top-level Entity: |Laboratorio_05_2
 11. Parameter Settings for Inferred Entity Instance: lpm_divide:Mod0
 12. Parameter Settings for Inferred Entity Instance: lpm_divide:Div0
 13. Parameter Settings for Inferred Entity Instance: lpm_divide:Mod1
 14. Parameter Settings for Inferred Entity Instance: lpm_divide:Div1
 15. Parameter Settings for Inferred Entity Instance: lpm_divide:Mod2
 16. Parameter Settings for Inferred Entity Instance: lpm_divide:Div2
 17. Parameter Settings for Inferred Entity Instance: lpm_divide:Mod3
 18. Elapsed Time Per Partition
 19. Analysis & Synthesis Messages



----------------
; Legal Notice ;
----------------
Copyright (C) 1991-2013 Altera Corporation
Your use of Altera Corporation's design tools, logic functions 
and other software and tools, and its AMPP partner logic 
functions, and any output files from any of the foregoing 
(including device programming or simulation files), and any 
associated documentation or information are expressly subject 
to the terms and conditions of the Altera Program License 
Subscription Agreement, Altera MegaCore Function License 
Agreement, or other applicable license agreement, including, 
without limitation, that your use is for the sole purpose of 
programming logic devices manufactured by Altera and sold by 
Altera or its authorized distributors.  Please refer to the 
applicable agreement for further details.



+--------------------------------------------------------------------------------------+
; Analysis & Synthesis Summary                                                         ;
+------------------------------------+-------------------------------------------------+
; Analysis & Synthesis Status        ; Successful - Wed Apr 11 01:44:52 2018           ;
; Quartus II 32-bit Version          ; 13.0.1 Build 232 06/12/2013 SP 1 SJ Web Edition ;
; Revision Name                      ; Laboratorio_05_2                                ;
; Top-level Entity Name              ; Laboratorio_05_2                                ;
; Family                             ; Cyclone III                                     ;
; Total logic elements               ; 5,439                                           ;
;     Total combinational functions  ; 5,439                                           ;
;     Dedicated logic registers      ; 0                                               ;
; Total registers                    ; 0                                               ;
; Total pins                         ; 41                                              ;
; Total virtual pins                 ; 0                                               ;
; Total memory bits                  ; 0                                               ;
; Embedded Multiplier 9-bit elements ; 0                                               ;
; Total PLLs                         ; 0                                               ;
+------------------------------------+-------------------------------------------------+


+----------------------------------------------------------------------------------------------------------------------+
; Analysis & Synthesis Settings                                                                                        ;
+----------------------------------------------------------------------------+--------------------+--------------------+
; Option                                                                     ; Setting            ; Default Value      ;
+----------------------------------------------------------------------------+--------------------+--------------------+
; Device                                                                     ; EP3C16U484C6       ;                    ;
; Top-level entity name                                                      ; Laboratorio_05_2   ; Laboratorio_05_2   ;
; Family name                                                                ; Cyclone III        ; Cyclone IV GX      ;
; Use smart compilation                                                      ; Off                ; Off                ;
; Enable parallel Assembler and TimeQuest Timing Analyzer during compilation ; On                 ; On                 ;
; Enable compact report table                                                ; Off                ; Off                ;
; Restructure Multiplexers                                                   ; Auto               ; Auto               ;
; Create Debugging Nodes for IP Cores                                        ; Off                ; Off                ;
; Preserve fewer node names                                                  ; On                 ; On                 ;
; Disable OpenCore Plus hardware evaluation                                  ; Off                ; Off                ;
; Verilog Version                                                            ; Verilog_2001       ; Verilog_2001       ;
; VHDL Version                                                               ; VHDL_1993          ; VHDL_1993          ;
; State Machine Processing                                                   ; Auto               ; Auto               ;
; Safe State Machine                                                         ; Off                ; Off                ;
; Extract Verilog State Machines                                             ; On                 ; On                 ;
; Extract VHDL State Machines                                                ; On                 ; On                 ;
; Ignore Verilog initial constructs                                          ; Off                ; Off                ;
; Iteration limit for constant Verilog loops                                 ; 5000               ; 5000               ;
; Iteration limit for non-constant Verilog loops                             ; 250                ; 250                ;
; Add Pass-Through Logic to Inferred RAMs                                    ; On                 ; On                 ;
; Infer RAMs from Raw Logic                                                  ; On                 ; On                 ;
; Parallel Synthesis                                                         ; On                 ; On                 ;
; DSP Block Balancing                                                        ; Auto               ; Auto               ;
; NOT Gate Push-Back                                                         ; On                 ; On                 ;
; Power-Up Don't Care                                                        ; On                 ; On                 ;
; Remove Redundant Logic Cells                                               ; Off                ; Off                ;
; Remove Duplicate Registers                                                 ; On                 ; On                 ;
; Ignore CARRY Buffers                                                       ; Off                ; Off                ;
; Ignore CASCADE Buffers                                                     ; Off                ; Off                ;
; Ignore GLOBAL Buffers                                                      ; Off                ; Off                ;
; Ignore ROW GLOBAL Buffers                                                  ; Off                ; Off                ;
; Ignore LCELL Buffers                                                       ; Off                ; Off                ;
; Ignore SOFT Buffers                                                        ; On                 ; On                 ;
; Limit AHDL Integers to 32 Bits                                             ; Off                ; Off                ;
; Optimization Technique                                                     ; Balanced           ; Balanced           ;
; Carry Chain Length                                                         ; 70                 ; 70                 ;
; Auto Carry Chains                                                          ; On                 ; On                 ;
; Auto Open-Drain Pins                                                       ; On                 ; On                 ;
; Perform WYSIWYG Primitive Resynthesis                                      ; Off                ; Off                ;
; Auto ROM Replacement                                                       ; On                 ; On                 ;
; Auto RAM Replacement                                                       ; On                 ; On                 ;
; Auto DSP Block Replacement                                                 ; On                 ; On                 ;
; Auto Shift Register Replacement                                            ; Auto               ; Auto               ;
; Allow Shift Register Merging across Hierarchies                            ; Auto               ; Auto               ;
; Auto Clock Enable Replacement                                              ; On                 ; On                 ;
; Strict RAM Replacement                                                     ; Off                ; Off                ;
; Allow Synchronous Control Signals                                          ; On                 ; On                 ;
; Force Use of Synchronous Clear Signals                                     ; Off                ; Off                ;
; Auto RAM Block Balancing                                                   ; On                 ; On                 ;
; Auto RAM to Logic Cell Conversion                                          ; Off                ; Off                ;
; Auto Resource Sharing                                                      ; Off                ; Off                ;
; Allow Any RAM Size For Recognition                                         ; Off                ; Off                ;
; Allow Any ROM Size For Recognition                                         ; Off                ; Off                ;
; Allow Any Shift Register Size For Recognition                              ; Off                ; Off                ;
; Use LogicLock Constraints during Resource Balancing                        ; On                 ; On                 ;
; Ignore translate_off and synthesis_off directives                          ; Off                ; Off                ;
; Timing-Driven Synthesis                                                    ; On                 ; On                 ;
; Report Parameter Settings                                                  ; On                 ; On                 ;
; Report Source Assignments                                                  ; On                 ; On                 ;
; Report Connectivity Checks                                                 ; On                 ; On                 ;
; Ignore Maximum Fan-Out Assignments                                         ; Off                ; Off                ;
; Synchronization Register Chain Length                                      ; 2                  ; 2                  ;
; PowerPlay Power Optimization                                               ; Normal compilation ; Normal compilation ;
; HDL message level                                                          ; Level2             ; Level2             ;
; Suppress Register Optimization Related Messages                            ; Off                ; Off                ;
; Number of Removed Registers Reported in Synthesis Report                   ; 5000               ; 5000               ;
; Number of Swept Nodes Reported in Synthesis Report                         ; 5000               ; 5000               ;
; Number of Inverted Registers Reported in Synthesis Report                  ; 100                ; 100                ;
; Clock MUX Protection                                                       ; On                 ; On                 ;
; Auto Gated Clock Conversion                                                ; Off                ; Off                ;
; Block Design Naming                                                        ; Auto               ; Auto               ;
; SDC constraint protection                                                  ; Off                ; Off                ;
; Synthesis Effort                                                           ; Auto               ; Auto               ;
; Shift Register Replacement - Allow Asynchronous Clear Signal               ; On                 ; On                 ;
; Pre-Mapping Resynthesis Optimization                                       ; Off                ; Off                ;
; Analysis & Synthesis Message Level                                         ; Medium             ; Medium             ;
; Disable Register Merging Across Hierarchies                                ; Auto               ; Auto               ;
; Resource Aware Inference For Block RAM                                     ; On                 ; On                 ;
; Synthesis Seed                                                             ; 1                  ; 1                  ;
+----------------------------------------------------------------------------+--------------------+--------------------+


Parallel compilation was disabled, but you have multiple processors available. Enable parallel compilation to reduce compilation time.
+-------------------------------------+
; Parallel Compilation                ;
+----------------------------+--------+
; Processors                 ; Number ;
+----------------------------+--------+
; Number detected on machine ; 8      ;
; Maximum allowed            ; 1      ;
+----------------------------+--------+


+---------------------------------------------------------------------------------------------------------------------------------------------------------------------+
; Analysis & Synthesis Source Files Read                                                                                                                              ;
+----------------------------------+-----------------+------------------------------+-----------------------------------------------------------------------+---------+
; File Name with User-Entered Path ; Used in Netlist ; File Type                    ; File Name with Absolute Path                                          ; Library ;
+----------------------------------+-----------------+------------------------------+-----------------------------------------------------------------------+---------+
; ../share/own_library.vhd         ; yes             ; User VHDL File               ; C:/altera/13.0sp1/VHDL/share/own_library.vhd                          ;         ;
; Laboratorio_05_2.vhd             ; yes             ; User VHDL File               ; C:/altera/13.0sp1/VHDL/Laboratorio_05_2/Laboratorio_05_2.vhd          ;         ;
; lpm_divide.tdf                   ; yes             ; Megafunction                 ; c:/altera/13.0sp1/quartus/libraries/megafunctions/lpm_divide.tdf      ;         ;
; abs_divider.inc                  ; yes             ; Megafunction                 ; c:/altera/13.0sp1/quartus/libraries/megafunctions/abs_divider.inc     ;         ;
; sign_div_unsign.inc              ; yes             ; Megafunction                 ; c:/altera/13.0sp1/quartus/libraries/megafunctions/sign_div_unsign.inc ;         ;
; aglobal130.inc                   ; yes             ; Megafunction                 ; c:/altera/13.0sp1/quartus/libraries/megafunctions/aglobal130.inc      ;         ;
; db/lpm_divide_9bm.tdf            ; yes             ; Auto-Generated Megafunction  ; C:/altera/13.0sp1/VHDL/Laboratorio_05_2/db/lpm_divide_9bm.tdf         ;         ;
; db/sign_div_unsign_7nh.tdf       ; yes             ; Auto-Generated Megafunction  ; C:/altera/13.0sp1/VHDL/Laboratorio_05_2/db/sign_div_unsign_7nh.tdf    ;         ;
; db/alt_u_div_p8f.tdf             ; yes             ; Auto-Generated Megafunction  ; C:/altera/13.0sp1/VHDL/Laboratorio_05_2/db/alt_u_div_p8f.tdf          ;         ;
; db/add_sub_unc.tdf               ; yes             ; Auto-Generated Megafunction  ; C:/altera/13.0sp1/VHDL/Laboratorio_05_2/db/add_sub_unc.tdf            ;         ;
; db/add_sub_vnc.tdf               ; yes             ; Auto-Generated Megafunction  ; C:/altera/13.0sp1/VHDL/Laboratorio_05_2/db/add_sub_vnc.tdf            ;         ;
; db/lpm_divide_mhm.tdf            ; yes             ; Auto-Generated Megafunction  ; C:/altera/13.0sp1/VHDL/Laboratorio_05_2/db/lpm_divide_mhm.tdf         ;         ;
; db/sign_div_unsign_nlh.tdf       ; yes             ; Auto-Generated Megafunction  ; C:/altera/13.0sp1/VHDL/Laboratorio_05_2/db/sign_div_unsign_nlh.tdf    ;         ;
; db/alt_u_div_p5f.tdf             ; yes             ; Auto-Generated Megafunction  ; C:/altera/13.0sp1/VHDL/Laboratorio_05_2/db/alt_u_div_p5f.tdf          ;         ;
+----------------------------------+-----------------+------------------------------+-----------------------------------------------------------------------+---------+


+-------------------------------------------------------------------+
; Analysis & Synthesis Resource Usage Summary                       ;
+---------------------------------------------+---------------------+
; Resource                                    ; Usage               ;
+---------------------------------------------+---------------------+
; Estimated Total logic elements              ; 5,439               ;
;                                             ;                     ;
; Total combinational functions               ; 5439                ;
; Logic element usage by number of LUT inputs ;                     ;
;     -- 4 input functions                    ; 1737                ;
;     -- 3 input functions                    ; 1738                ;
;     -- <=2 input functions                  ; 1964                ;
;                                             ;                     ;
; Logic elements by mode                      ;                     ;
;     -- normal mode                          ; 3746                ;
;     -- arithmetic mode                      ; 1693                ;
;                                             ;                     ;
; Total registers                             ; 0                   ;
;     -- Dedicated logic registers            ; 0                   ;
;     -- I/O registers                        ; 0                   ;
;                                             ;                     ;
; I/O pins                                    ; 41                  ;
; Embedded Multiplier 9-bit elements          ; 0                   ;
; Maximum fan-out node                        ; soma_botoes[3][1]~0 ;
; Maximum fan-out                             ; 106                 ;
; Total fan-out                               ; 15771               ;
; Average fan-out                             ; 2.86                ;
+---------------------------------------------+---------------------+


+---------------------------------------------------------------------------------------------------------------------------------------------------------------------------------------------------------------------------------------------------------------------------------------+
; Analysis & Synthesis Resource Utilization by Entity                                                                                                                                                                                                                                   ;
+----------------------------------------+-------------------+--------------+-------------+--------------+---------+-----------+------+--------------+-------------------------------------------------------------------------------------------------------------------+--------------+
; Compilation Hierarchy Node             ; LC Combinationals ; LC Registers ; Memory Bits ; DSP Elements ; DSP 9x9 ; DSP 18x18 ; Pins ; Virtual Pins ; Full Hierarchy Name                                                                                               ; Library Name ;
+----------------------------------------+-------------------+--------------+-------------+--------------+---------+-----------+------+--------------+-------------------------------------------------------------------------------------------------------------------+--------------+
; |Laboratorio_05_2                      ; 5439 (328)        ; 0 (0)        ; 0           ; 0            ; 0       ; 0         ; 41   ; 0            ; |Laboratorio_05_2                                                                                                 ; work         ;
;    |lpm_divide:Div0|                   ; 250 (0)           ; 0 (0)        ; 0           ; 0            ; 0       ; 0         ; 0    ; 0            ; |Laboratorio_05_2|lpm_divide:Div0                                                                                 ; work         ;
;       |lpm_divide_mhm:auto_generated|  ; 250 (0)           ; 0 (0)        ; 0           ; 0            ; 0       ; 0         ; 0    ; 0            ; |Laboratorio_05_2|lpm_divide:Div0|lpm_divide_mhm:auto_generated                                                   ; work         ;
;          |sign_div_unsign_nlh:divider| ; 250 (0)           ; 0 (0)        ; 0           ; 0            ; 0       ; 0         ; 0    ; 0            ; |Laboratorio_05_2|lpm_divide:Div0|lpm_divide_mhm:auto_generated|sign_div_unsign_nlh:divider                       ; work         ;
;             |alt_u_div_p5f:divider|    ; 250 (250)         ; 0 (0)        ; 0           ; 0            ; 0       ; 0         ; 0    ; 0            ; |Laboratorio_05_2|lpm_divide:Div0|lpm_divide_mhm:auto_generated|sign_div_unsign_nlh:divider|alt_u_div_p5f:divider ; work         ;
;    |lpm_divide:Div1|                   ; 255 (0)           ; 0 (0)        ; 0           ; 0            ; 0       ; 0         ; 0    ; 0            ; |Laboratorio_05_2|lpm_divide:Div1                                                                                 ; work         ;
;       |lpm_divide_mhm:auto_generated|  ; 255 (0)           ; 0 (0)        ; 0           ; 0            ; 0       ; 0         ; 0    ; 0            ; |Laboratorio_05_2|lpm_divide:Div1|lpm_divide_mhm:auto_generated                                                   ; work         ;
;          |sign_div_unsign_nlh:divider| ; 255 (0)           ; 0 (0)        ; 0           ; 0            ; 0       ; 0         ; 0    ; 0            ; |Laboratorio_05_2|lpm_divide:Div1|lpm_divide_mhm:auto_generated|sign_div_unsign_nlh:divider                       ; work         ;
;             |alt_u_div_p5f:divider|    ; 255 (255)         ; 0 (0)        ; 0           ; 0            ; 0       ; 0         ; 0    ; 0            ; |Laboratorio_05_2|lpm_divide:Div1|lpm_divide_mhm:auto_generated|sign_div_unsign_nlh:divider|alt_u_div_p5f:divider ; work         ;
;    |lpm_divide:Div2|                   ; 215 (0)           ; 0 (0)        ; 0           ; 0            ; 0       ; 0         ; 0    ; 0            ; |Laboratorio_05_2|lpm_divide:Div2                                                                                 ; work         ;
;       |lpm_divide_mhm:auto_generated|  ; 215 (0)           ; 0 (0)        ; 0           ; 0            ; 0       ; 0         ; 0    ; 0            ; |Laboratorio_05_2|lpm_divide:Div2|lpm_divide_mhm:auto_generated                                                   ; work         ;
;          |sign_div_unsign_nlh:divider| ; 215 (0)           ; 0 (0)        ; 0           ; 0            ; 0       ; 0         ; 0    ; 0            ; |Laboratorio_05_2|lpm_divide:Div2|lpm_divide_mhm:auto_generated|sign_div_unsign_nlh:divider                       ; work         ;
;             |alt_u_div_p5f:divider|    ; 215 (215)         ; 0 (0)        ; 0           ; 0            ; 0       ; 0         ; 0    ; 0            ; |Laboratorio_05_2|lpm_divide:Div2|lpm_divide_mhm:auto_generated|sign_div_unsign_nlh:divider|alt_u_div_p5f:divider ; work         ;
;    |lpm_divide:Mod0|                   ; 1147 (0)          ; 0 (0)        ; 0           ; 0            ; 0       ; 0         ; 0    ; 0            ; |Laboratorio_05_2|lpm_divide:Mod0                                                                                 ; work         ;
;       |lpm_divide_9bm:auto_generated|  ; 1147 (0)          ; 0 (0)        ; 0           ; 0            ; 0       ; 0         ; 0    ; 0            ; |Laboratorio_05_2|lpm_divide:Mod0|lpm_divide_9bm:auto_generated                                                   ; work         ;
;          |sign_div_unsign_7nh:divider| ; 1147 (0)          ; 0 (0)        ; 0           ; 0            ; 0       ; 0         ; 0    ; 0            ; |Laboratorio_05_2|lpm_divide:Mod0|lpm_divide_9bm:auto_generated|sign_div_unsign_7nh:divider                       ; work         ;
;             |alt_u_div_p8f:divider|    ; 1147 (1147)       ; 0 (0)        ; 0           ; 0            ; 0       ; 0         ; 0    ; 0            ; |Laboratorio_05_2|lpm_divide:Mod0|lpm_divide_9bm:auto_generated|sign_div_unsign_7nh:divider|alt_u_div_p8f:divider ; work         ;
;    |lpm_divide:Mod1|                   ; 1147 (0)          ; 0 (0)        ; 0           ; 0            ; 0       ; 0         ; 0    ; 0            ; |Laboratorio_05_2|lpm_divide:Mod1                                                                                 ; work         ;
;       |lpm_divide_9bm:auto_generated|  ; 1147 (0)          ; 0 (0)        ; 0           ; 0            ; 0       ; 0         ; 0    ; 0            ; |Laboratorio_05_2|lpm_divide:Mod1|lpm_divide_9bm:auto_generated                                                   ; work         ;
;          |sign_div_unsign_7nh:divider| ; 1147 (0)          ; 0 (0)        ; 0           ; 0            ; 0       ; 0         ; 0    ; 0            ; |Laboratorio_05_2|lpm_divide:Mod1|lpm_divide_9bm:auto_generated|sign_div_unsign_7nh:divider                       ; work         ;
;             |alt_u_div_p8f:divider|    ; 1147 (1147)       ; 0 (0)        ; 0           ; 0            ; 0       ; 0         ; 0    ; 0            ; |Laboratorio_05_2|lpm_divide:Mod1|lpm_divide_9bm:auto_generated|sign_div_unsign_7nh:divider|alt_u_div_p8f:divider ; work         ;
;    |lpm_divide:Mod2|                   ; 1034 (0)          ; 0 (0)        ; 0           ; 0            ; 0       ; 0         ; 0    ; 0            ; |Laboratorio_05_2|lpm_divide:Mod2                                                                                 ; work         ;
;       |lpm_divide_9bm:auto_generated|  ; 1034 (0)          ; 0 (0)        ; 0           ; 0            ; 0       ; 0         ; 0    ; 0            ; |Laboratorio_05_2|lpm_divide:Mod2|lpm_divide_9bm:auto_generated                                                   ; work         ;
;          |sign_div_unsign_7nh:divider| ; 1034 (0)          ; 0 (0)        ; 0           ; 0            ; 0       ; 0         ; 0    ; 0            ; |Laboratorio_05_2|lpm_divide:Mod2|lpm_divide_9bm:auto_generated|sign_div_unsign_7nh:divider                       ; work         ;
;             |alt_u_div_p8f:divider|    ; 1034 (1034)       ; 0 (0)        ; 0           ; 0            ; 0       ; 0         ; 0    ; 0            ; |Laboratorio_05_2|lpm_divide:Mod2|lpm_divide_9bm:auto_generated|sign_div_unsign_7nh:divider|alt_u_div_p8f:divider ; work         ;
;    |lpm_divide:Mod3|                   ; 1063 (0)          ; 0 (0)        ; 0           ; 0            ; 0       ; 0         ; 0    ; 0            ; |Laboratorio_05_2|lpm_divide:Mod3                                                                                 ; work         ;
;       |lpm_divide_9bm:auto_generated|  ; 1063 (0)          ; 0 (0)        ; 0           ; 0            ; 0       ; 0         ; 0    ; 0            ; |Laboratorio_05_2|lpm_divide:Mod3|lpm_divide_9bm:auto_generated                                                   ; work         ;
;          |sign_div_unsign_7nh:divider| ; 1063 (0)          ; 0 (0)        ; 0           ; 0            ; 0       ; 0         ; 0    ; 0            ; |Laboratorio_05_2|lpm_divide:Mod3|lpm_divide_9bm:auto_generated|sign_div_unsign_7nh:divider                       ; work         ;
;             |alt_u_div_p8f:divider|    ; 1063 (1063)       ; 0 (0)        ; 0           ; 0            ; 0       ; 0         ; 0    ; 0            ; |Laboratorio_05_2|lpm_divide:Mod3|lpm_divide_9bm:auto_generated|sign_div_unsign_7nh:divider|alt_u_div_p8f:divider ; work         ;
+----------------------------------------+-------------------+--------------+-------------+--------------+---------+-----------+------+--------------+-------------------------------------------------------------------------------------------------------------------+--------------+
Note: For table entries with two numbers listed, the numbers in parentheses indicate the number of resources of the given type used by the specific entity alone. The numbers listed outside of parentheses indicate the total resources of the given type used by the specific entity and all of its sub-entities in the hierarchy.


+------------------------------------------------------+
; General Register Statistics                          ;
+----------------------------------------------+-------+
; Statistic                                    ; Value ;
+----------------------------------------------+-------+
; Total registers                              ; 0     ;
; Number of registers using Synchronous Clear  ; 0     ;
; Number of registers using Synchronous Load   ; 0     ;
; Number of registers using Asynchronous Clear ; 0     ;
; Number of registers using Asynchronous Load  ; 0     ;
; Number of registers using Clock Enable       ; 0     ;
; Number of registers using Preset             ; 0     ;
+----------------------------------------------+-------+


+------------------------------------------------------------------------------------------------------------------------------------------+
; Multiplexer Restructuring Statistics (Restructuring Performed)                                                                           ;
+--------------------+-----------+---------------+----------------------+------------------------+------------+----------------------------+
; Multiplexer Inputs ; Bus Width ; Baseline Area ; Area if Restructured ; Saving if Restructured ; Registered ; Example Multiplexer Output ;
+--------------------+-----------+---------------+----------------------+------------------------+------------+----------------------------+
; 13:1               ; 5 bits    ; 40 LEs        ; 40 LEs               ; 0 LEs                  ; No         ; |Laboratorio_05_2|outSSDs  ;
; 13:1               ; 5 bits    ; 40 LEs        ; 40 LEs               ; 0 LEs                  ; No         ; |Laboratorio_05_2|outSSDs  ;
; 13:1               ; 5 bits    ; 40 LEs        ; 40 LEs               ; 0 LEs                  ; No         ; |Laboratorio_05_2|outSSDs  ;
; 13:1               ; 5 bits    ; 40 LEs        ; 40 LEs               ; 0 LEs                  ; No         ; |Laboratorio_05_2|outSSDs  ;
+--------------------+-----------+---------------+----------------------+------------------------+------------+----------------------------+


+----------------------------------------------------------------------------------+
; Parameter Settings for User Entity Instance: Top-level Entity: |Laboratorio_05_2 ;
+--------------------+-------+-----------------------------------------------------+
; Parameter Name     ; Value ; Type                                                ;
+--------------------+-------+-----------------------------------------------------+
; NUMERO_CHAVES      ; 10    ; Signed Integer                                      ;
; NUMERO_BOTOES      ; 3     ; Signed Integer                                      ;
; TAMANHO_NUMERO_SSD ; 10    ; Signed Integer                                      ;
+--------------------+-------+-----------------------------------------------------+
Note: In order to hide this table in the UI and the text report file, please set the "Show Parameter Settings in Synthesis Report" option in "Analysis and Synthesis Settings -> More Settings" to "Off".


+------------------------------------------------------------------+
; Parameter Settings for Inferred Entity Instance: lpm_divide:Mod0 ;
+------------------------+----------------+------------------------+
; Parameter Name         ; Value          ; Type                   ;
+------------------------+----------------+------------------------+
; LPM_WIDTHN             ; 31             ; Untyped                ;
; LPM_WIDTHD             ; 31             ; Untyped                ;
; LPM_NREPRESENTATION    ; UNSIGNED       ; Untyped                ;
; LPM_DREPRESENTATION    ; UNSIGNED       ; Untyped                ;
; LPM_PIPELINE           ; 0              ; Untyped                ;
; LPM_REMAINDERPOSITIVE  ; TRUE           ; Untyped                ;
; MAXIMIZE_SPEED         ; 5              ; Untyped                ;
; CBXI_PARAMETER         ; lpm_divide_9bm ; Untyped                ;
; CARRY_CHAIN            ; MANUAL         ; Untyped                ;
; OPTIMIZE_FOR_SPEED     ; 5              ; Untyped                ;
; AUTO_CARRY_CHAINS      ; ON             ; AUTO_CARRY             ;
; IGNORE_CARRY_BUFFERS   ; OFF            ; IGNORE_CARRY           ;
; AUTO_CASCADE_CHAINS    ; ON             ; AUTO_CASCADE           ;
; IGNORE_CASCADE_BUFFERS ; OFF            ; IGNORE_CASCADE         ;
+------------------------+----------------+------------------------+
Note: In order to hide this table in the UI and the text report file, please set the "Show Parameter Settings in Synthesis Report" option in "Analysis and Synthesis Settings -> More Settings" to "Off".


+------------------------------------------------------------------+
; Parameter Settings for Inferred Entity Instance: lpm_divide:Div0 ;
+------------------------+----------------+------------------------+
; Parameter Name         ; Value          ; Type                   ;
+------------------------+----------------+------------------------+
; LPM_WIDTHN             ; 31             ; Untyped                ;
; LPM_WIDTHD             ; 4              ; Untyped                ;
; LPM_NREPRESENTATION    ; UNSIGNED       ; Untyped                ;
; LPM_DREPRESENTATION    ; UNSIGNED       ; Untyped                ;
; LPM_PIPELINE           ; 0              ; Untyped                ;
; LPM_REMAINDERPOSITIVE  ; TRUE           ; Untyped                ;
; MAXIMIZE_SPEED         ; 5              ; Untyped                ;
; CBXI_PARAMETER         ; lpm_divide_mhm ; Untyped                ;
; CARRY_CHAIN            ; MANUAL         ; Untyped                ;
; OPTIMIZE_FOR_SPEED     ; 5              ; Untyped                ;
; AUTO_CARRY_CHAINS      ; ON             ; AUTO_CARRY             ;
; IGNORE_CARRY_BUFFERS   ; OFF            ; IGNORE_CARRY           ;
; AUTO_CASCADE_CHAINS    ; ON             ; AUTO_CASCADE           ;
; IGNORE_CASCADE_BUFFERS ; OFF            ; IGNORE_CASCADE         ;
+------------------------+----------------+------------------------+
Note: In order to hide this table in the UI and the text report file, please set the "Show Parameter Settings in Synthesis Report" option in "Analysis and Synthesis Settings -> More Settings" to "Off".


+------------------------------------------------------------------+
; Parameter Settings for Inferred Entity Instance: lpm_divide:Mod1 ;
+------------------------+----------------+------------------------+
; Parameter Name         ; Value          ; Type                   ;
+------------------------+----------------+------------------------+
; LPM_WIDTHN             ; 31             ; Untyped                ;
; LPM_WIDTHD             ; 31             ; Untyped                ;
; LPM_NREPRESENTATION    ; UNSIGNED       ; Untyped                ;
; LPM_DREPRESENTATION    ; UNSIGNED       ; Untyped                ;
; LPM_PIPELINE           ; 0              ; Untyped                ;
; LPM_REMAINDERPOSITIVE  ; TRUE           ; Untyped                ;
; MAXIMIZE_SPEED         ; 5              ; Untyped                ;
; CBXI_PARAMETER         ; lpm_divide_9bm ; Untyped                ;
; CARRY_CHAIN            ; MANUAL         ; Untyped                ;
; OPTIMIZE_FOR_SPEED     ; 5              ; Untyped                ;
; AUTO_CARRY_CHAINS      ; ON             ; AUTO_CARRY             ;
; IGNORE_CARRY_BUFFERS   ; OFF            ; IGNORE_CARRY           ;
; AUTO_CASCADE_CHAINS    ; ON             ; AUTO_CASCADE           ;
; IGNORE_CASCADE_BUFFERS ; OFF            ; IGNORE_CASCADE         ;
+------------------------+----------------+------------------------+
Note: In order to hide this table in the UI and the text report file, please set the "Show Parameter Settings in Synthesis Report" option in "Analysis and Synthesis Settings -> More Settings" to "Off".


+------------------------------------------------------------------+
; Parameter Settings for Inferred Entity Instance: lpm_divide:Div1 ;
+------------------------+----------------+------------------------+
; Parameter Name         ; Value          ; Type                   ;
+------------------------+----------------+------------------------+
; LPM_WIDTHN             ; 31             ; Untyped                ;
; LPM_WIDTHD             ; 4              ; Untyped                ;
; LPM_NREPRESENTATION    ; UNSIGNED       ; Untyped                ;
; LPM_DREPRESENTATION    ; UNSIGNED       ; Untyped                ;
; LPM_PIPELINE           ; 0              ; Untyped                ;
; LPM_REMAINDERPOSITIVE  ; TRUE           ; Untyped                ;
; MAXIMIZE_SPEED         ; 5              ; Untyped                ;
; CBXI_PARAMETER         ; lpm_divide_mhm ; Untyped                ;
; CARRY_CHAIN            ; MANUAL         ; Untyped                ;
; OPTIMIZE_FOR_SPEED     ; 5              ; Untyped                ;
; AUTO_CARRY_CHAINS      ; ON             ; AUTO_CARRY             ;
; IGNORE_CARRY_BUFFERS   ; OFF            ; IGNORE_CARRY           ;
; AUTO_CASCADE_CHAINS    ; ON             ; AUTO_CASCADE           ;
; IGNORE_CASCADE_BUFFERS ; OFF            ; IGNORE_CASCADE         ;
+------------------------+----------------+------------------------+
Note: In order to hide this table in the UI and the text report file, please set the "Show Parameter Settings in Synthesis Report" option in "Analysis and Synthesis Settings -> More Settings" to "Off".


+------------------------------------------------------------------+
; Parameter Settings for Inferred Entity Instance: lpm_divide:Mod2 ;
+------------------------+----------------+------------------------+
; Parameter Name         ; Value          ; Type                   ;
+------------------------+----------------+------------------------+
; LPM_WIDTHN             ; 31             ; Untyped                ;
; LPM_WIDTHD             ; 31             ; Untyped                ;
; LPM_NREPRESENTATION    ; UNSIGNED       ; Untyped                ;
; LPM_DREPRESENTATION    ; UNSIGNED       ; Untyped                ;
; LPM_PIPELINE           ; 0              ; Untyped                ;
; LPM_REMAINDERPOSITIVE  ; TRUE           ; Untyped                ;
; MAXIMIZE_SPEED         ; 5              ; Untyped                ;
; CBXI_PARAMETER         ; lpm_divide_9bm ; Untyped                ;
; CARRY_CHAIN            ; MANUAL         ; Untyped                ;
; OPTIMIZE_FOR_SPEED     ; 5              ; Untyped                ;
; AUTO_CARRY_CHAINS      ; ON             ; AUTO_CARRY             ;
; IGNORE_CARRY_BUFFERS   ; OFF            ; IGNORE_CARRY           ;
; AUTO_CASCADE_CHAINS    ; ON             ; AUTO_CASCADE           ;
; IGNORE_CASCADE_BUFFERS ; OFF            ; IGNORE_CASCADE         ;
+------------------------+----------------+------------------------+
Note: In order to hide this table in the UI and the text report file, please set the "Show Parameter Settings in Synthesis Report" option in "Analysis and Synthesis Settings -> More Settings" to "Off".


+------------------------------------------------------------------+
; Parameter Settings for Inferred Entity Instance: lpm_divide:Div2 ;
+------------------------+----------------+------------------------+
; Parameter Name         ; Value          ; Type                   ;
+------------------------+----------------+------------------------+
; LPM_WIDTHN             ; 31             ; Untyped                ;
; LPM_WIDTHD             ; 4              ; Untyped                ;
; LPM_NREPRESENTATION    ; UNSIGNED       ; Untyped                ;
; LPM_DREPRESENTATION    ; UNSIGNED       ; Untyped                ;
; LPM_PIPELINE           ; 0              ; Untyped                ;
; LPM_REMAINDERPOSITIVE  ; TRUE           ; Untyped                ;
; MAXIMIZE_SPEED         ; 5              ; Untyped                ;
; CBXI_PARAMETER         ; lpm_divide_mhm ; Untyped                ;
; CARRY_CHAIN            ; MANUAL         ; Untyped                ;
; OPTIMIZE_FOR_SPEED     ; 5              ; Untyped                ;
; AUTO_CARRY_CHAINS      ; ON             ; AUTO_CARRY             ;
; IGNORE_CARRY_BUFFERS   ; OFF            ; IGNORE_CARRY           ;
; AUTO_CASCADE_CHAINS    ; ON             ; AUTO_CASCADE           ;
; IGNORE_CASCADE_BUFFERS ; OFF            ; IGNORE_CASCADE         ;
+------------------------+----------------+------------------------+
Note: In order to hide this table in the UI and the text report file, please set the "Show Parameter Settings in Synthesis Report" option in "Analysis and Synthesis Settings -> More Settings" to "Off".


+------------------------------------------------------------------+
; Parameter Settings for Inferred Entity Instance: lpm_divide:Mod3 ;
+------------------------+----------------+------------------------+
; Parameter Name         ; Value          ; Type                   ;
+------------------------+----------------+------------------------+
; LPM_WIDTHN             ; 31             ; Untyped                ;
; LPM_WIDTHD             ; 31             ; Untyped                ;
; LPM_NREPRESENTATION    ; UNSIGNED       ; Untyped                ;
; LPM_DREPRESENTATION    ; UNSIGNED       ; Untyped                ;
; LPM_PIPELINE           ; 0              ; Untyped                ;
; LPM_REMAINDERPOSITIVE  ; TRUE           ; Untyped                ;
; MAXIMIZE_SPEED         ; 5              ; Untyped                ;
; CBXI_PARAMETER         ; lpm_divide_9bm ; Untyped                ;
; CARRY_CHAIN            ; MANUAL         ; Untyped                ;
; OPTIMIZE_FOR_SPEED     ; 5              ; Untyped                ;
; AUTO_CARRY_CHAINS      ; ON             ; AUTO_CARRY             ;
; IGNORE_CARRY_BUFFERS   ; OFF            ; IGNORE_CARRY           ;
; AUTO_CASCADE_CHAINS    ; ON             ; AUTO_CASCADE           ;
; IGNORE_CASCADE_BUFFERS ; OFF            ; IGNORE_CASCADE         ;
+------------------------+----------------+------------------------+
Note: In order to hide this table in the UI and the text report file, please set the "Show Parameter Settings in Synthesis Report" option in "Analysis and Synthesis Settings -> More Settings" to "Off".


+-------------------------------+
; Elapsed Time Per Partition    ;
+----------------+--------------+
; Partition Name ; Elapsed Time ;
+----------------+--------------+
; Top            ; 00:00:17     ;
+----------------+--------------+


+-------------------------------+
; Analysis & Synthesis Messages ;
+-------------------------------+
Info: *******************************************************************
Info: Running Quartus II 32-bit Analysis & Synthesis
    Info: Version 13.0.1 Build 232 06/12/2013 Service Pack 1 SJ Web Edition
    Info: Processing started: Wed Apr 11 01:44:33 2018
Info: Command: quartus_map --read_settings_files=on --write_settings_files=off Laboratorio_05_2 -c Laboratorio_05_2
Warning (20028): Parallel compilation is not licensed and has been disabled
Info (12021): Found 1 design units, including 0 entities, in source file /altera/13.0sp1/vhdl/share/own_library.vhd
    Info (12022): Found design unit 1: own_library
Info (12021): Found 2 design units, including 1 entities, in source file laboratorio_05_2.vhd
    Info (12022): Found design unit 1: Laboratorio_05_2-Laboratorio_05_2
    Info (12023): Found entity 1: Laboratorio_05_2
Info (12127): Elaborating entity "Laboratorio_05_2" for the top level hierarchy
Info (278001): Inferred 7 megafunctions from design logic
    Info (278004): Inferred divider/modulo megafunction ("lpm_divide") from the following logic: "Mod0"
    Info (278004): Inferred divider/modulo megafunction ("lpm_divide") from the following logic: "Div0"
    Info (278004): Inferred divider/modulo megafunction ("lpm_divide") from the following logic: "Mod1"
    Info (278004): Inferred divider/modulo megafunction ("lpm_divide") from the following logic: "Div1"
    Info (278004): Inferred divider/modulo megafunction ("lpm_divide") from the following logic: "Mod2"
    Info (278004): Inferred divider/modulo megafunction ("lpm_divide") from the following logic: "Div2"
    Info (278004): Inferred divider/modulo megafunction ("lpm_divide") from the following logic: "Mod3"
Info (12130): Elaborated megafunction instantiation "lpm_divide:Mod0"
Info (12133): Instantiated megafunction "lpm_divide:Mod0" with the following parameter:
    Info (12134): Parameter "LPM_WIDTHN" = "31"
    Info (12134): Parameter "LPM_WIDTHD" = "31"
    Info (12134): Parameter "LPM_NREPRESENTATION" = "UNSIGNED"
    Info (12134): Parameter "LPM_DREPRESENTATION" = "UNSIGNED"
Info (12021): Found 1 design units, including 1 entities, in source file db/lpm_divide_9bm.tdf
    Info (12023): Found entity 1: lpm_divide_9bm
Info (12021): Found 1 design units, including 1 entities, in source file db/sign_div_unsign_7nh.tdf
    Info (12023): Found entity 1: sign_div_unsign_7nh
Info (12021): Found 1 design units, including 1 entities, in source file db/alt_u_div_p8f.tdf
    Info (12023): Found entity 1: alt_u_div_p8f
Info (12021): Found 1 design units, including 1 entities, in source file db/add_sub_unc.tdf
    Info (12023): Found entity 1: add_sub_unc
Info (12021): Found 1 design units, including 1 entities, in source file db/add_sub_vnc.tdf
    Info (12023): Found entity 1: add_sub_vnc
Info (12130): Elaborated megafunction instantiation "lpm_divide:Div0"
Info (12133): Instantiated megafunction "lpm_divide:Div0" with the following parameter:
    Info (12134): Parameter "LPM_WIDTHN" = "31"
    Info (12134): Parameter "LPM_WIDTHD" = "4"
    Info (12134): Parameter "LPM_NREPRESENTATION" = "UNSIGNED"
    Info (12134): Parameter "LPM_DREPRESENTATION" = "UNSIGNED"
Info (12021): Found 1 design units, including 1 entities, in source file db/lpm_divide_mhm.tdf
    Info (12023): Found entity 1: lpm_divide_mhm
Info (12021): Found 1 design units, including 1 entities, in source file db/sign_div_unsign_nlh.tdf
    Info (12023): Found entity 1: sign_div_unsign_nlh
Info (12021): Found 1 design units, including 1 entities, in source file db/alt_u_div_p5f.tdf
    Info (12023): Found entity 1: alt_u_div_p5f
Info (286030): Timing-Driven Synthesis is running
Info (17016): Found the following redundant logic cells in design
    Info (17048): Logic cell "lpm_divide:Mod1|lpm_divide_9bm:auto_generated|sign_div_unsign_7nh:divider|alt_u_div_p8f:divider|add_sub_30_result_int[0]~0"
    Info (17048): Logic cell "lpm_divide:Mod1|lpm_divide_9bm:auto_generated|sign_div_unsign_7nh:divider|alt_u_div_p8f:divider|op_3~14"
    Info (17048): Logic cell "lpm_divide:Mod1|lpm_divide_9bm:auto_generated|sign_div_unsign_7nh:divider|alt_u_div_p8f:divider|op_4~18"
    Info (17048): Logic cell "lpm_divide:Mod1|lpm_divide_9bm:auto_generated|sign_div_unsign_7nh:divider|alt_u_div_p8f:divider|op_5~22"
    Info (17048): Logic cell "lpm_divide:Mod1|lpm_divide_9bm:auto_generated|sign_div_unsign_7nh:divider|alt_u_div_p8f:divider|op_6~26"
    Info (17048): Logic cell "lpm_divide:Mod1|lpm_divide_9bm:auto_generated|sign_div_unsign_7nh:divider|alt_u_div_p8f:divider|op_7~30"
    Info (17048): Logic cell "lpm_divide:Mod1|lpm_divide_9bm:auto_generated|sign_div_unsign_7nh:divider|alt_u_div_p8f:divider|op_8~34"
    Info (17048): Logic cell "lpm_divide:Mod1|lpm_divide_9bm:auto_generated|sign_div_unsign_7nh:divider|alt_u_div_p8f:divider|add_sub_18_result_int[0]~38"
    Info (17048): Logic cell "lpm_divide:Mod1|lpm_divide_9bm:auto_generated|sign_div_unsign_7nh:divider|alt_u_div_p8f:divider|add_sub_19_result_int[0]~40"
    Info (17048): Logic cell "lpm_divide:Mod1|lpm_divide_9bm:auto_generated|sign_div_unsign_7nh:divider|alt_u_div_p8f:divider|add_sub_20_result_int[0]~42"
    Info (17048): Logic cell "lpm_divide:Mod1|lpm_divide_9bm:auto_generated|sign_div_unsign_7nh:divider|alt_u_div_p8f:divider|add_sub_21_result_int[0]~44"
    Info (17048): Logic cell "lpm_divide:Mod1|lpm_divide_9bm:auto_generated|sign_div_unsign_7nh:divider|alt_u_div_p8f:divider|add_sub_22_result_int[0]~46"
    Info (17048): Logic cell "lpm_divide:Mod1|lpm_divide_9bm:auto_generated|sign_div_unsign_7nh:divider|alt_u_div_p8f:divider|add_sub_23_result_int[0]~48"
    Info (17048): Logic cell "lpm_divide:Mod1|lpm_divide_9bm:auto_generated|sign_div_unsign_7nh:divider|alt_u_div_p8f:divider|add_sub_24_result_int[0]~50"
    Info (17048): Logic cell "lpm_divide:Mod1|lpm_divide_9bm:auto_generated|sign_div_unsign_7nh:divider|alt_u_div_p8f:divider|add_sub_25_result_int[0]~52"
    Info (17048): Logic cell "lpm_divide:Mod1|lpm_divide_9bm:auto_generated|sign_div_unsign_7nh:divider|alt_u_div_p8f:divider|add_sub_26_result_int[0]~54"
    Info (17048): Logic cell "lpm_divide:Mod1|lpm_divide_9bm:auto_generated|sign_div_unsign_7nh:divider|alt_u_div_p8f:divider|add_sub_27_result_int[0]~56"
    Info (17048): Logic cell "lpm_divide:Mod1|lpm_divide_9bm:auto_generated|sign_div_unsign_7nh:divider|alt_u_div_p8f:divider|add_sub_28_result_int[0]~58"
    Info (17048): Logic cell "lpm_divide:Mod1|lpm_divide_9bm:auto_generated|sign_div_unsign_7nh:divider|alt_u_div_p8f:divider|add_sub_29_result_int[0]~60"
    Info (17048): Logic cell "lpm_divide:Div1|lpm_divide_mhm:auto_generated|sign_div_unsign_nlh:divider|alt_u_div_p5f:divider|add_sub_12_result_int[0]~10"
    Info (17048): Logic cell "lpm_divide:Div1|lpm_divide_mhm:auto_generated|sign_div_unsign_nlh:divider|alt_u_div_p5f:divider|add_sub_13_result_int[0]~10"
    Info (17048): Logic cell "lpm_divide:Div1|lpm_divide_mhm:auto_generated|sign_div_unsign_nlh:divider|alt_u_div_p5f:divider|add_sub_14_result_int[0]~10"
    Info (17048): Logic cell "lpm_divide:Div1|lpm_divide_mhm:auto_generated|sign_div_unsign_nlh:divider|alt_u_div_p5f:divider|add_sub_15_result_int[0]~10"
    Info (17048): Logic cell "lpm_divide:Div1|lpm_divide_mhm:auto_generated|sign_div_unsign_nlh:divider|alt_u_div_p5f:divider|add_sub_16_result_int[0]~10"
    Info (17048): Logic cell "lpm_divide:Div1|lpm_divide_mhm:auto_generated|sign_div_unsign_nlh:divider|alt_u_div_p5f:divider|add_sub_17_result_int[0]~10"
    Info (17048): Logic cell "lpm_divide:Div1|lpm_divide_mhm:auto_generated|sign_div_unsign_nlh:divider|alt_u_div_p5f:divider|add_sub_18_result_int[0]~10"
    Info (17048): Logic cell "lpm_divide:Div1|lpm_divide_mhm:auto_generated|sign_div_unsign_nlh:divider|alt_u_div_p5f:divider|add_sub_19_result_int[0]~10"
    Info (17048): Logic cell "lpm_divide:Div1|lpm_divide_mhm:auto_generated|sign_div_unsign_nlh:divider|alt_u_div_p5f:divider|add_sub_20_result_int[0]~10"
    Info (17048): Logic cell "lpm_divide:Div1|lpm_divide_mhm:auto_generated|sign_div_unsign_nlh:divider|alt_u_div_p5f:divider|add_sub_21_result_int[0]~10"
    Info (17048): Logic cell "lpm_divide:Div1|lpm_divide_mhm:auto_generated|sign_div_unsign_nlh:divider|alt_u_div_p5f:divider|add_sub_22_result_int[0]~10"
    Info (17048): Logic cell "lpm_divide:Div1|lpm_divide_mhm:auto_generated|sign_div_unsign_nlh:divider|alt_u_div_p5f:divider|add_sub_23_result_int[0]~10"
    Info (17048): Logic cell "lpm_divide:Div1|lpm_divide_mhm:auto_generated|sign_div_unsign_nlh:divider|alt_u_div_p5f:divider|add_sub_24_result_int[0]~10"
    Info (17048): Logic cell "lpm_divide:Div1|lpm_divide_mhm:auto_generated|sign_div_unsign_nlh:divider|alt_u_div_p5f:divider|add_sub_25_result_int[0]~10"
    Info (17048): Logic cell "lpm_divide:Div1|lpm_divide_mhm:auto_generated|sign_div_unsign_nlh:divider|alt_u_div_p5f:divider|add_sub_26_result_int[0]~10"
    Info (17048): Logic cell "lpm_divide:Div1|lpm_divide_mhm:auto_generated|sign_div_unsign_nlh:divider|alt_u_div_p5f:divider|add_sub_27_result_int[0]~10"
    Info (17048): Logic cell "lpm_divide:Div1|lpm_divide_mhm:auto_generated|sign_div_unsign_nlh:divider|alt_u_div_p5f:divider|add_sub_28_result_int[0]~10"
    Info (17048): Logic cell "lpm_divide:Div1|lpm_divide_mhm:auto_generated|sign_div_unsign_nlh:divider|alt_u_div_p5f:divider|add_sub_29_result_int[0]~10"
    Info (17048): Logic cell "lpm_divide:Mod2|lpm_divide_9bm:auto_generated|sign_div_unsign_7nh:divider|alt_u_div_p8f:divider|add_sub_30_result_int[0]~0"
    Info (17048): Logic cell "lpm_divide:Mod2|lpm_divide_9bm:auto_generated|sign_div_unsign_7nh:divider|alt_u_div_p8f:divider|op_6~22"
    Info (17048): Logic cell "lpm_divide:Mod2|lpm_divide_9bm:auto_generated|sign_div_unsign_7nh:divider|alt_u_div_p8f:divider|op_7~26"
    Info (17048): Logic cell "lpm_divide:Mod2|lpm_divide_9bm:auto_generated|sign_div_unsign_7nh:divider|alt_u_div_p8f:divider|op_8~30"
    Info (17048): Logic cell "lpm_divide:Mod2|lpm_divide_9bm:auto_generated|sign_div_unsign_7nh:divider|alt_u_div_p8f:divider|op_9~34"
    Info (17048): Logic cell "lpm_divide:Mod2|lpm_divide_9bm:auto_generated|sign_div_unsign_7nh:divider|alt_u_div_p8f:divider|op_10~38"
    Info (17048): Logic cell "lpm_divide:Mod2|lpm_divide_9bm:auto_generated|sign_div_unsign_7nh:divider|alt_u_div_p8f:divider|add_sub_20_result_int[0]~42"
    Info (17048): Logic cell "lpm_divide:Mod2|lpm_divide_9bm:auto_generated|sign_div_unsign_7nh:divider|alt_u_div_p8f:divider|add_sub_21_result_int[0]~44"
    Info (17048): Logic cell "lpm_divide:Mod2|lpm_divide_9bm:auto_generated|sign_div_unsign_7nh:divider|alt_u_div_p8f:divider|add_sub_22_result_int[0]~46"
    Info (17048): Logic cell "lpm_divide:Mod2|lpm_divide_9bm:auto_generated|sign_div_unsign_7nh:divider|alt_u_div_p8f:divider|add_sub_23_result_int[0]~48"
    Info (17048): Logic cell "lpm_divide:Mod2|lpm_divide_9bm:auto_generated|sign_div_unsign_7nh:divider|alt_u_div_p8f:divider|add_sub_24_result_int[0]~50"
    Info (17048): Logic cell "lpm_divide:Mod2|lpm_divide_9bm:auto_generated|sign_div_unsign_7nh:divider|alt_u_div_p8f:divider|add_sub_25_result_int[0]~52"
    Info (17048): Logic cell "lpm_divide:Mod2|lpm_divide_9bm:auto_generated|sign_div_unsign_7nh:divider|alt_u_div_p8f:divider|add_sub_26_result_int[0]~54"
    Info (17048): Logic cell "lpm_divide:Mod2|lpm_divide_9bm:auto_generated|sign_div_unsign_7nh:divider|alt_u_div_p8f:divider|add_sub_27_result_int[0]~56"
    Info (17048): Logic cell "lpm_divide:Mod2|lpm_divide_9bm:auto_generated|sign_div_unsign_7nh:divider|alt_u_div_p8f:divider|add_sub_28_result_int[0]~58"
    Info (17048): Logic cell "lpm_divide:Mod2|lpm_divide_9bm:auto_generated|sign_div_unsign_7nh:divider|alt_u_div_p8f:divider|add_sub_29_result_int[0]~60"
    Info (17048): Logic cell "lpm_divide:Div2|lpm_divide_mhm:auto_generated|sign_div_unsign_nlh:divider|alt_u_div_p5f:divider|add_sub_15_result_int[0]~10"
    Info (17048): Logic cell "lpm_divide:Div2|lpm_divide_mhm:auto_generated|sign_div_unsign_nlh:divider|alt_u_div_p5f:divider|add_sub_16_result_int[0]~10"
    Info (17048): Logic cell "lpm_divide:Div2|lpm_divide_mhm:auto_generated|sign_div_unsign_nlh:divider|alt_u_div_p5f:divider|add_sub_17_result_int[0]~10"
    Info (17048): Logic cell "lpm_divide:Div2|lpm_divide_mhm:auto_generated|sign_div_unsign_nlh:divider|alt_u_div_p5f:divider|add_sub_18_result_int[0]~10"
    Info (17048): Logic cell "lpm_divide:Div2|lpm_divide_mhm:auto_generated|sign_div_unsign_nlh:divider|alt_u_div_p5f:divider|add_sub_19_result_int[0]~10"
    Info (17048): Logic cell "lpm_divide:Div2|lpm_divide_mhm:auto_generated|sign_div_unsign_nlh:divider|alt_u_div_p5f:divider|add_sub_20_result_int[0]~10"
    Info (17048): Logic cell "lpm_divide:Div2|lpm_divide_mhm:auto_generated|sign_div_unsign_nlh:divider|alt_u_div_p5f:divider|add_sub_21_result_int[0]~10"
    Info (17048): Logic cell "lpm_divide:Div2|lpm_divide_mhm:auto_generated|sign_div_unsign_nlh:divider|alt_u_div_p5f:divider|add_sub_22_result_int[0]~10"
    Info (17048): Logic cell "lpm_divide:Div2|lpm_divide_mhm:auto_generated|sign_div_unsign_nlh:divider|alt_u_div_p5f:divider|add_sub_23_result_int[0]~10"
    Info (17048): Logic cell "lpm_divide:Div2|lpm_divide_mhm:auto_generated|sign_div_unsign_nlh:divider|alt_u_div_p5f:divider|add_sub_24_result_int[0]~10"
    Info (17048): Logic cell "lpm_divide:Div2|lpm_divide_mhm:auto_generated|sign_div_unsign_nlh:divider|alt_u_div_p5f:divider|add_sub_25_result_int[0]~10"
    Info (17048): Logic cell "lpm_divide:Div2|lpm_divide_mhm:auto_generated|sign_div_unsign_nlh:divider|alt_u_div_p5f:divider|add_sub_26_result_int[0]~10"
    Info (17048): Logic cell "lpm_divide:Div2|lpm_divide_mhm:auto_generated|sign_div_unsign_nlh:divider|alt_u_div_p5f:divider|add_sub_27_result_int[0]~10"
    Info (17048): Logic cell "lpm_divide:Div2|lpm_divide_mhm:auto_generated|sign_div_unsign_nlh:divider|alt_u_div_p5f:divider|add_sub_28_result_int[0]~10"
    Info (17048): Logic cell "lpm_divide:Div2|lpm_divide_mhm:auto_generated|sign_div_unsign_nlh:divider|alt_u_div_p5f:divider|add_sub_29_result_int[0]~10"
    Info (17048): Logic cell "lpm_divide:Mod3|lpm_divide_9bm:auto_generated|sign_div_unsign_7nh:divider|alt_u_div_p8f:divider|add_sub_30_result_int[0]~0"
    Info (17048): Logic cell "lpm_divide:Mod3|lpm_divide_9bm:auto_generated|sign_div_unsign_7nh:divider|alt_u_div_p8f:divider|op_6~20"
    Info (17048): Logic cell "lpm_divide:Mod3|lpm_divide_9bm:auto_generated|sign_div_unsign_7nh:divider|alt_u_div_p8f:divider|op_7~26"
    Info (17048): Logic cell "lpm_divide:Mod3|lpm_divide_9bm:auto_generated|sign_div_unsign_7nh:divider|alt_u_div_p8f:divider|op_8~30"
    Info (17048): Logic cell "lpm_divide:Mod3|lpm_divide_9bm:auto_generated|sign_div_unsign_7nh:divider|alt_u_div_p8f:divider|op_9~34"
    Info (17048): Logic cell "lpm_divide:Mod3|lpm_divide_9bm:auto_generated|sign_div_unsign_7nh:divider|alt_u_div_p8f:divider|op_10~38"
    Info (17048): Logic cell "lpm_divide:Mod3|lpm_divide_9bm:auto_generated|sign_div_unsign_7nh:divider|alt_u_div_p8f:divider|add_sub_20_result_int[0]~42"
    Info (17048): Logic cell "lpm_divide:Mod3|lpm_divide_9bm:auto_generated|sign_div_unsign_7nh:divider|alt_u_div_p8f:divider|add_sub_21_result_int[0]~44"
    Info (17048): Logic cell "lpm_divide:Mod3|lpm_divide_9bm:auto_generated|sign_div_unsign_7nh:divider|alt_u_div_p8f:divider|add_sub_22_result_int[0]~46"
    Info (17048): Logic cell "lpm_divide:Mod3|lpm_divide_9bm:auto_generated|sign_div_unsign_7nh:divider|alt_u_div_p8f:divider|add_sub_23_result_int[0]~48"
    Info (17048): Logic cell "lpm_divide:Mod3|lpm_divide_9bm:auto_generated|sign_div_unsign_7nh:divider|alt_u_div_p8f:divider|add_sub_24_result_int[0]~50"
    Info (17048): Logic cell "lpm_divide:Mod3|lpm_divide_9bm:auto_generated|sign_div_unsign_7nh:divider|alt_u_div_p8f:divider|add_sub_25_result_int[0]~52"
    Info (17048): Logic cell "lpm_divide:Mod3|lpm_divide_9bm:auto_generated|sign_div_unsign_7nh:divider|alt_u_div_p8f:divider|add_sub_26_result_int[0]~54"
    Info (17048): Logic cell "lpm_divide:Mod3|lpm_divide_9bm:auto_generated|sign_div_unsign_7nh:divider|alt_u_div_p8f:divider|add_sub_27_result_int[0]~56"
    Info (17048): Logic cell "lpm_divide:Mod3|lpm_divide_9bm:auto_generated|sign_div_unsign_7nh:divider|alt_u_div_p8f:divider|add_sub_28_result_int[0]~58"
    Info (17048): Logic cell "lpm_divide:Mod3|lpm_divide_9bm:auto_generated|sign_div_unsign_7nh:divider|alt_u_div_p8f:divider|add_sub_29_result_int[0]~60"
Info (16010): Generating hard_block partition "hard_block:auto_generated_inst"
    Info (16011): Adding 0 node(s), including 0 DDIO, 0 PLL, 0 transceiver and 0 LCELL
Info (21057): Implemented 5480 device resources after synthesis - the final resource count might be different
    Info (21058): Implemented 13 input pins
    Info (21059): Implemented 28 output pins
    Info (21061): Implemented 5439 logic cells
Info: Quartus II 32-bit Analysis & Synthesis was successful. 0 errors, 1 warning
    Info: Peak virtual memory: 458 megabytes
    Info: Processing ended: Wed Apr 11 01:44:52 2018
    Info: Elapsed time: 00:00:19
    Info: Total CPU time (on all processors): 00:00:19


